0 info it worked if it ends with ok
1 verbose cli [ 'c:\\Program Files\\nodejs\\node.exe',
1 verbose cli   'c:\\Program Files\\nodejs\\node_modules\\npm\\bin\\npm-cli.js',
1 verbose cli   'install',
1 verbose cli   'minit-serve@last' ]
2 info using npm@1.4.28
3 info using node@v0.10.32
4 warn package.json sample-widget@0.1.0 No repository field.
5 verbose readDependencies using package.json deps
6 verbose cache add [ 'minit-serve@last', null ]
7 verbose cache add name=undefined spec="minit-serve@last" args=["minit-serve@last",null]
8 verbose parsed url { protocol: null,
8 verbose parsed url   slashes: null,
8 verbose parsed url   auth: null,
8 verbose parsed url   host: null,
8 verbose parsed url   port: null,
8 verbose parsed url   hostname: null,
8 verbose parsed url   hash: null,
8 verbose parsed url   search: null,
8 verbose parsed url   query: null,
8 verbose parsed url   pathname: 'minit-serve@last',
8 verbose parsed url   path: 'minit-serve@last',
8 verbose parsed url   href: 'minit-serve@last' }
9 verbose cache add name="minit-serve" spec="last" args=["minit-serve","last"]
10 verbose parsed url { protocol: null,
10 verbose parsed url   slashes: null,
10 verbose parsed url   auth: null,
10 verbose parsed url   host: null,
10 verbose parsed url   port: null,
10 verbose parsed url   hostname: null,
10 verbose parsed url   hash: null,
10 verbose parsed url   search: null,
10 verbose parsed url   query: null,
10 verbose parsed url   pathname: 'last',
10 verbose parsed url   path: 'last',
10 verbose parsed url   href: 'last' }
11 verbose addNamed [ 'minit-serve', 'last' ]
12 verbose addNamed [ null, null ]
13 silly lockFile 2036bf04-minit-serve-last minit-serve@last
14 verbose lock minit-serve@last C:\Users\melegov\AppData\Roaming\npm-cache\2036bf04-minit-serve-last.lock
15 info addNameTag [ 'minit-serve', 'last' ]
16 verbose request where is /minit-serve
17 verbose request registry https://registry.npmjs.org/
18 verbose request id af759ee995711ef0
19 verbose url raw /minit-serve
20 verbose url resolving [ 'https://registry.npmjs.org/', './minit-serve' ]
21 verbose url resolved https://registry.npmjs.org/minit-serve
22 verbose request where is https://registry.npmjs.org/minit-serve
23 info trying registry request attempt 1 at 13:58:29
24 http GET https://registry.npmjs.org/minit-serve
25 http 404 https://registry.npmjs.org/minit-serve
26 verbose headers { date: 'Wed, 21 Jan 2015 11:57:26 GMT',
26 verbose headers   server: 'CouchDB/1.5.0 (Erlang OTP/R16B03)',
26 verbose headers   'content-type': 'application/json',
26 verbose headers   'cache-control': 'max-age=0',
26 verbose headers   'content-length': '52',
26 verbose headers   'accept-ranges': 'bytes',
26 verbose headers   via: '1.1 varnish',
26 verbose headers   age: '0',
26 verbose headers   'x-served-by': 'cache-fra1242-FRA',
26 verbose headers   'x-cache': 'MISS',
26 verbose headers   'x-cache-hits': '0',
26 verbose headers   'x-timer': 'S1421841445.535103,VS0,VE713',
26 verbose headers   'keep-alive': 'timeout=10, max=50',
26 verbose headers   connection: 'Keep-Alive' }
27 silly registry.get cb [ 404,
27 silly registry.get   { date: 'Wed, 21 Jan 2015 11:57:26 GMT',
27 silly registry.get     server: 'CouchDB/1.5.0 (Erlang OTP/R16B03)',
27 silly registry.get     'content-type': 'application/json',
27 silly registry.get     'cache-control': 'max-age=0',
27 silly registry.get     'content-length': '52',
27 silly registry.get     'accept-ranges': 'bytes',
27 silly registry.get     via: '1.1 varnish',
27 silly registry.get     age: '0',
27 silly registry.get     'x-served-by': 'cache-fra1242-FRA',
27 silly registry.get     'x-cache': 'MISS',
27 silly registry.get     'x-cache-hits': '0',
27 silly registry.get     'x-timer': 'S1421841445.535103,VS0,VE713',
27 silly registry.get     'keep-alive': 'timeout=10, max=50',
27 silly registry.get     connection: 'Keep-Alive' } ]
28 silly lockFile 2036bf04-minit-serve-last minit-serve@last
29 silly lockFile 2036bf04-minit-serve-last minit-serve@last
30 error 404 404 Not Found: minit-serve
30 error 404
30 error 404 'minit-serve' is not in the npm registry.
30 error 404 You should bug the author to publish it
30 error 404 It was specified as a dependency of 'sample-widget'
30 error 404
30 error 404 Note that you can also install from a
30 error 404 tarball, folder, or http url, or git url.
31 error System Windows_NT 6.1.7601
32 error command "c:\\Program Files\\nodejs\\node.exe" "c:\\Program Files\\nodejs\\node_modules\\npm\\bin\\npm-cli.js" "install" "minit-serve@last"
33 error cwd c:\work\cmapi\dist\sampleWidgetMontageJS\sampleWidget\sample-widget
34 error node -v v0.10.32
35 error npm -v 1.4.28
36 error code E404
37 verbose exit [ 1, true ]
